<?xml version="1.0" encoding="UTF-8"?>
<testng-results ignored="0" total="1" passed="1" failed="0" skipped="0">
  <reporter-output>
  </reporter-output>
  <suite started-at="2020-03-18T11:19:13Z" name="Default suite" finished-at="2020-03-18T11:19:47Z" duration-ms="33755">
    <groups>
    </groups>
    <test started-at="2020-03-18T11:19:13Z" name="Default test" finished-at="2020-03-18T11:19:47Z" duration-ms="33755">
      <class name="stepdefenation.Testjava">
        <test-method signature="loginnew()[pri:0, instance:stepdefenation.Testjava@6fd83fc1]" started-at="2020-03-18T11:19:14Z" name="loginnew" finished-at="2020-03-18T11:19:47Z" duration-ms="33711" status="PASS">
          <reporter-output>
          </reporter-output>
        </test-method> <!-- loginnew -->
      </class> <!-- stepdefenation.Testjava -->
    </test> <!-- Default test -->
  </suite> <!-- Default suite -->
</testng-results>
